<?xml version="1.0" encoding="UTF-8"?>
<!-- Generated by org.testng.reporters.JUnitReportReporter -->
<testsuite hostname="test-Precision-5820-Tower" failures="0" tests="2" name="com.mainapp.tests.HomePageTest" time="79.846" errors="0" timestamp="03 Sep 2019 07:14:42 GMT" skipped="1">
  <testcase classname="com.mainapp.tests.HomePageTest" name="verifySystemOperationsTest" time="79.846"/>
  <testcase classname="com.mainapp.tests.HomePageTest" name="verifyHomePageTitleTest">
    <skipped/>
  </testcase> <!-- verifyHomePageTitleTest -->
</testsuite> <!-- com.mainapp.tests.HomePageTest -->
