<?xml version="1.0" encoding="UTF-8"?>
<!-- Generated by org.testng.reporters.JUnitReportReporter -->
<testsuite hostname="test-Precision-5820-Tower" failures="0" tests="4" name="com.mainapp.tests.LoginPageTest" time="28.736" errors="0" timestamp="03 Sep 2019 05:50:43 GMT" skipped="0">
  <testcase classname="com.mainapp.tests.LoginPageTest" name="companyLogoTest" time="6.851"/>
  <testcase classname="com.mainapp.tests.LoginPageTest" name="setPageColorTest" time="8.950"/>
  <testcase classname="com.mainapp.tests.LoginPageTest" name="loginTest" time="6.811"/>
  <testcase classname="com.mainapp.tests.LoginPageTest" name="loginPageTitleTest" time="6.124"/>
</testsuite> <!-- com.mainapp.tests.LoginPageTest -->
